{"level":"INFO","date":"2021-05-29 16:06:23,040","pid":8326,"hostname":"baixindeMacBook-Pro.local","message":"[egg-schedule]: register schedule /Users/bluewhiteheart/Desktop/studyExample/mihoyo-server/node_modules/egg-multipart/app/schedule/clean_tmpdir.js"}
{"level":"INFO","date":"2021-05-29 16:06:23,040","pid":8326,"hostname":"baixindeMacBook-Pro.local","message":"[egg-schedule]: register schedule /Users/bluewhiteheart/Desktop/studyExample/mihoyo-server/node_modules/egg-logrotator/app/schedule/clean_log.js"}
{"level":"INFO","date":"2021-05-29 16:06:23,040","pid":8326,"hostname":"baixindeMacBook-Pro.local","message":"[egg-schedule]: register schedule /Users/bluewhiteheart/Desktop/studyExample/mihoyo-server/node_modules/egg-logrotator/app/schedule/rotate_by_file.js"}
{"level":"INFO","date":"2021-05-29 19:23:25,960","pid":18455,"hostname":"baixindeMacBook-Pro.local","message":"[Timer] /Users/bluewhiteheart/Desktop/studyExample/mihoyo-server/node_modules/egg-multipart/app/schedule/clean_tmpdir.js next time will execute after 32794043ms at 2021-05-30 04:30:00.003"}
{"level":"INFO","date":"2021-05-29 19:23:25,960","pid":18455,"hostname":"baixindeMacBook-Pro.local","message":"[Timer] /Users/bluewhiteheart/Desktop/studyExample/mihoyo-server/node_modules/egg-logrotator/app/schedule/clean_log.js next time will execute after 16594040ms at 2021-05-30 00:00:00.000"}
{"level":"INFO","date":"2021-05-29 19:23:25,961","pid":18455,"hostname":"baixindeMacBook-Pro.local","message":"[Timer] /Users/bluewhiteheart/Desktop/studyExample/mihoyo-server/node_modules/egg-logrotator/app/schedule/rotate_by_file.js next time will execute after 16595040ms at 2021-05-30 00:00:01.001"}
{"level":"INFO","date":"2021-05-29 19:23:25,526","pid":18458,"hostname":"baixindeMacBook-Pro.local","message":"[egg-schedule]: register schedule /Users/bluewhiteheart/Desktop/studyExample/mihoyo-server/node_modules/egg-multipart/app/schedule/clean_tmpdir.js"}
{"level":"INFO","date":"2021-05-29 19:23:25,526","pid":18458,"hostname":"baixindeMacBook-Pro.local","message":"[egg-schedule]: register schedule /Users/bluewhiteheart/Desktop/studyExample/mihoyo-server/node_modules/egg-logrotator/app/schedule/clean_log.js"}
{"level":"INFO","date":"2021-05-29 19:23:25,526","pid":18458,"hostname":"baixindeMacBook-Pro.local","message":"[egg-schedule]: register schedule /Users/bluewhiteheart/Desktop/studyExample/mihoyo-server/node_modules/egg-logrotator/app/schedule/rotate_by_file.js"}
{"level":"INFO","date":"2021-05-29 19:45:10,256","pid":20013,"hostname":"baixindeMacBook-Pro.local","message":"[Timer] /Users/bluewhiteheart/Desktop/studyExample/mihoyo-server/node_modules/egg-multipart/app/schedule/clean_tmpdir.js next time will execute after 31489747ms at 2021-05-30 04:30:00.003"}
{"level":"INFO","date":"2021-05-29 19:45:10,256","pid":20013,"hostname":"baixindeMacBook-Pro.local","message":"[Timer] /Users/bluewhiteheart/Desktop/studyExample/mihoyo-server/node_modules/egg-logrotator/app/schedule/clean_log.js next time will execute after 15289744ms at 2021-05-30 00:00:00.000"}
{"level":"INFO","date":"2021-05-29 19:45:10,256","pid":20013,"hostname":"baixindeMacBook-Pro.local","message":"[Timer] /Users/bluewhiteheart/Desktop/studyExample/mihoyo-server/node_modules/egg-logrotator/app/schedule/rotate_by_file.js next time will execute after 15290744ms at 2021-05-30 00:00:01.000"}
{"level":"INFO","date":"2021-05-29 19:45:09,893","pid":20017,"hostname":"baixindeMacBook-Pro.local","message":"[egg-schedule]: register schedule /Users/bluewhiteheart/Desktop/studyExample/mihoyo-server/node_modules/egg-multipart/app/schedule/clean_tmpdir.js"}
{"level":"INFO","date":"2021-05-29 19:45:09,893","pid":20017,"hostname":"baixindeMacBook-Pro.local","message":"[egg-schedule]: register schedule /Users/bluewhiteheart/Desktop/studyExample/mihoyo-server/node_modules/egg-logrotator/app/schedule/clean_log.js"}
{"level":"INFO","date":"2021-05-29 19:45:09,893","pid":20017,"hostname":"baixindeMacBook-Pro.local","message":"[egg-schedule]: register schedule /Users/bluewhiteheart/Desktop/studyExample/mihoyo-server/node_modules/egg-logrotator/app/schedule/rotate_by_file.js"}
{"level":"INFO","date":"2021-05-29 19:45:12,466","pid":20029,"hostname":"baixindeMacBook-Pro.local","message":"[egg-schedule]: register schedule /Users/bluewhiteheart/Desktop/studyExample/mihoyo-server/node_modules/egg-multipart/app/schedule/clean_tmpdir.js"}
{"level":"INFO","date":"2021-05-29 19:45:12,466","pid":20029,"hostname":"baixindeMacBook-Pro.local","message":"[egg-schedule]: register schedule /Users/bluewhiteheart/Desktop/studyExample/mihoyo-server/node_modules/egg-logrotator/app/schedule/clean_log.js"}
{"level":"INFO","date":"2021-05-29 19:45:12,466","pid":20029,"hostname":"baixindeMacBook-Pro.local","message":"[egg-schedule]: register schedule /Users/bluewhiteheart/Desktop/studyExample/mihoyo-server/node_modules/egg-logrotator/app/schedule/rotate_by_file.js"}
{"level":"INFO","date":"2021-05-29 20:07:31,509","pid":21599,"hostname":"baixindeMacBook-Pro.local","message":"[egg-schedule]: register schedule /Users/bluewhiteheart/Desktop/studyExample/mihoyo-server/node_modules/egg-multipart/app/schedule/clean_tmpdir.js"}
{"level":"INFO","date":"2021-05-29 20:07:31,509","pid":21599,"hostname":"baixindeMacBook-Pro.local","message":"[egg-schedule]: register schedule /Users/bluewhiteheart/Desktop/studyExample/mihoyo-server/node_modules/egg-logrotator/app/schedule/clean_log.js"}
{"level":"INFO","date":"2021-05-29 20:07:31,509","pid":21599,"hostname":"baixindeMacBook-Pro.local","message":"[egg-schedule]: register schedule /Users/bluewhiteheart/Desktop/studyExample/mihoyo-server/node_modules/egg-logrotator/app/schedule/rotate_by_file.js"}
{"level":"INFO","date":"2021-05-29 20:07:31,886","pid":21596,"hostname":"baixindeMacBook-Pro.local","message":"[Timer] /Users/bluewhiteheart/Desktop/studyExample/mihoyo-server/node_modules/egg-multipart/app/schedule/clean_tmpdir.js next time will execute after 30148116ms at 2021-05-30 04:30:00.002"}
{"level":"INFO","date":"2021-05-29 20:07:31,886","pid":21596,"hostname":"baixindeMacBook-Pro.local","message":"[Timer] /Users/bluewhiteheart/Desktop/studyExample/mihoyo-server/node_modules/egg-logrotator/app/schedule/clean_log.js next time will execute after 13948114ms at 2021-05-30 00:00:00.000"}
{"level":"INFO","date":"2021-05-29 20:07:31,887","pid":21596,"hostname":"baixindeMacBook-Pro.local","message":"[Timer] /Users/bluewhiteheart/Desktop/studyExample/mihoyo-server/node_modules/egg-logrotator/app/schedule/rotate_by_file.js next time will execute after 13949114ms at 2021-05-30 00:00:01.001"}
{"level":"INFO","date":"2021-05-29 20:41:48,510","pid":23425,"hostname":"baixindeMacBook-Pro.local","message":"[Timer] /Users/bluewhiteheart/Desktop/studyExample/mihoyo-server/node_modules/egg-multipart/app/schedule/clean_tmpdir.js next time will execute after 28091494ms at 2021-05-30 04:30:00.004"}
{"level":"INFO","date":"2021-05-29 20:41:48,510","pid":23425,"hostname":"baixindeMacBook-Pro.local","message":"[Timer] /Users/bluewhiteheart/Desktop/studyExample/mihoyo-server/node_modules/egg-logrotator/app/schedule/clean_log.js next time will execute after 11891490ms at 2021-05-30 00:00:00.000"}
{"level":"INFO","date":"2021-05-29 20:41:48,511","pid":23425,"hostname":"baixindeMacBook-Pro.local","message":"[Timer] /Users/bluewhiteheart/Desktop/studyExample/mihoyo-server/node_modules/egg-logrotator/app/schedule/rotate_by_file.js next time will execute after 11892489ms at 2021-05-30 00:00:01.000"}
{"level":"INFO","date":"2021-05-29 20:41:48,023","pid":23426,"hostname":"baixindeMacBook-Pro.local","message":"[egg-schedule]: register schedule /Users/bluewhiteheart/Desktop/studyExample/mihoyo-server/node_modules/egg-multipart/app/schedule/clean_tmpdir.js"}
{"level":"INFO","date":"2021-05-29 20:41:48,023","pid":23426,"hostname":"baixindeMacBook-Pro.local","message":"[egg-schedule]: register schedule /Users/bluewhiteheart/Desktop/studyExample/mihoyo-server/node_modules/egg-logrotator/app/schedule/clean_log.js"}
{"level":"INFO","date":"2021-05-29 20:41:48,023","pid":23426,"hostname":"baixindeMacBook-Pro.local","message":"[egg-schedule]: register schedule /Users/bluewhiteheart/Desktop/studyExample/mihoyo-server/node_modules/egg-logrotator/app/schedule/rotate_by_file.js"}
{"level":"INFO","date":"2021-05-29 21:03:31,275","pid":24831,"hostname":"baixindeMacBook-Pro.local","message":"[egg-schedule]: register schedule /Users/bluewhiteheart/Desktop/studyExample/mihoyo-server/node_modules/egg-multipart/app/schedule/clean_tmpdir.js"}
{"level":"INFO","date":"2021-05-29 21:03:31,275","pid":24831,"hostname":"baixindeMacBook-Pro.local","message":"[egg-schedule]: register schedule /Users/bluewhiteheart/Desktop/studyExample/mihoyo-server/node_modules/egg-logrotator/app/schedule/clean_log.js"}
{"level":"INFO","date":"2021-05-29 21:03:31,275","pid":24831,"hostname":"baixindeMacBook-Pro.local","message":"[egg-schedule]: register schedule /Users/bluewhiteheart/Desktop/studyExample/mihoyo-server/node_modules/egg-logrotator/app/schedule/rotate_by_file.js"}
{"level":"INFO","date":"2021-05-29 21:05:41,302","pid":24919,"hostname":"baixindeMacBook-Pro.local","message":"[egg-schedule]: register schedule /Users/bluewhiteheart/Desktop/studyExample/mihoyo-server/node_modules/egg-multipart/app/schedule/clean_tmpdir.js"}
{"level":"INFO","date":"2021-05-29 21:05:41,302","pid":24919,"hostname":"baixindeMacBook-Pro.local","message":"[egg-schedule]: register schedule /Users/bluewhiteheart/Desktop/studyExample/mihoyo-server/node_modules/egg-logrotator/app/schedule/clean_log.js"}
{"level":"INFO","date":"2021-05-29 21:05:41,302","pid":24919,"hostname":"baixindeMacBook-Pro.local","message":"[egg-schedule]: register schedule /Users/bluewhiteheart/Desktop/studyExample/mihoyo-server/node_modules/egg-logrotator/app/schedule/rotate_by_file.js"}
{"level":"INFO","date":"2021-05-29 21:05:45,713","pid":24937,"hostname":"baixindeMacBook-Pro.local","message":"[egg-schedule]: register schedule /Users/bluewhiteheart/Desktop/studyExample/mihoyo-server/node_modules/egg-multipart/app/schedule/clean_tmpdir.js"}
{"level":"INFO","date":"2021-05-29 21:05:45,713","pid":24937,"hostname":"baixindeMacBook-Pro.local","message":"[egg-schedule]: register schedule /Users/bluewhiteheart/Desktop/studyExample/mihoyo-server/node_modules/egg-logrotator/app/schedule/clean_log.js"}
{"level":"INFO","date":"2021-05-29 21:05:45,713","pid":24937,"hostname":"baixindeMacBook-Pro.local","message":"[egg-schedule]: register schedule /Users/bluewhiteheart/Desktop/studyExample/mihoyo-server/node_modules/egg-logrotator/app/schedule/rotate_by_file.js"}
{"level":"INFO","date":"2021-05-29 21:05:51,090","pid":24951,"hostname":"baixindeMacBook-Pro.local","message":"[egg-schedule]: register schedule /Users/bluewhiteheart/Desktop/studyExample/mihoyo-server/node_modules/egg-multipart/app/schedule/clean_tmpdir.js"}
{"level":"INFO","date":"2021-05-29 21:05:51,090","pid":24951,"hostname":"baixindeMacBook-Pro.local","message":"[egg-schedule]: register schedule /Users/bluewhiteheart/Desktop/studyExample/mihoyo-server/node_modules/egg-logrotator/app/schedule/clean_log.js"}
{"level":"INFO","date":"2021-05-29 21:05:51,090","pid":24951,"hostname":"baixindeMacBook-Pro.local","message":"[egg-schedule]: register schedule /Users/bluewhiteheart/Desktop/studyExample/mihoyo-server/node_modules/egg-logrotator/app/schedule/rotate_by_file.js"}
{"level":"INFO","date":"2021-05-29 21:05:52,442","pid":24952,"hostname":"baixindeMacBook-Pro.local","message":"[egg-schedule]: register schedule /Users/bluewhiteheart/Desktop/studyExample/mihoyo-server/node_modules/egg-multipart/app/schedule/clean_tmpdir.js"}
{"level":"INFO","date":"2021-05-29 21:05:52,442","pid":24952,"hostname":"baixindeMacBook-Pro.local","message":"[egg-schedule]: register schedule /Users/bluewhiteheart/Desktop/studyExample/mihoyo-server/node_modules/egg-logrotator/app/schedule/clean_log.js"}
{"level":"INFO","date":"2021-05-29 21:05:52,442","pid":24952,"hostname":"baixindeMacBook-Pro.local","message":"[egg-schedule]: register schedule /Users/bluewhiteheart/Desktop/studyExample/mihoyo-server/node_modules/egg-logrotator/app/schedule/rotate_by_file.js"}
{"level":"INFO","date":"2021-05-29 21:13:35,194","pid":25399,"hostname":"baixindeMacBook-Pro.local","message":"[egg-schedule]: register schedule /Users/bluewhiteheart/Desktop/studyExample/mihoyo-server/node_modules/egg-multipart/app/schedule/clean_tmpdir.js"}
{"level":"INFO","date":"2021-05-29 21:13:35,194","pid":25399,"hostname":"baixindeMacBook-Pro.local","message":"[egg-schedule]: register schedule /Users/bluewhiteheart/Desktop/studyExample/mihoyo-server/node_modules/egg-logrotator/app/schedule/clean_log.js"}
{"level":"INFO","date":"2021-05-29 21:13:35,194","pid":25399,"hostname":"baixindeMacBook-Pro.local","message":"[egg-schedule]: register schedule /Users/bluewhiteheart/Desktop/studyExample/mihoyo-server/node_modules/egg-logrotator/app/schedule/rotate_by_file.js"}
{"level":"INFO","date":"2021-05-29 21:13:36,441","pid":25409,"hostname":"baixindeMacBook-Pro.local","message":"[egg-schedule]: register schedule /Users/bluewhiteheart/Desktop/studyExample/mihoyo-server/node_modules/egg-multipart/app/schedule/clean_tmpdir.js"}
{"level":"INFO","date":"2021-05-29 21:13:36,441","pid":25409,"hostname":"baixindeMacBook-Pro.local","message":"[egg-schedule]: register schedule /Users/bluewhiteheart/Desktop/studyExample/mihoyo-server/node_modules/egg-logrotator/app/schedule/clean_log.js"}
{"level":"INFO","date":"2021-05-29 21:13:36,441","pid":25409,"hostname":"baixindeMacBook-Pro.local","message":"[egg-schedule]: register schedule /Users/bluewhiteheart/Desktop/studyExample/mihoyo-server/node_modules/egg-logrotator/app/schedule/rotate_by_file.js"}
{"level":"INFO","date":"2021-05-29 23:04:50,743","pid":26665,"hostname":"baixindeMacBook-Pro.local","message":"[egg-schedule]: register schedule /Users/bluewhiteheart/Desktop/studyExample/mihoyo-server/node_modules/egg-multipart/app/schedule/clean_tmpdir.js"}
{"level":"INFO","date":"2021-05-29 23:04:50,743","pid":26665,"hostname":"baixindeMacBook-Pro.local","message":"[egg-schedule]: register schedule /Users/bluewhiteheart/Desktop/studyExample/mihoyo-server/node_modules/egg-logrotator/app/schedule/clean_log.js"}
{"level":"INFO","date":"2021-05-29 23:04:50,743","pid":26665,"hostname":"baixindeMacBook-Pro.local","message":"[egg-schedule]: register schedule /Users/bluewhiteheart/Desktop/studyExample/mihoyo-server/node_modules/egg-logrotator/app/schedule/rotate_by_file.js"}
{"level":"INFO","date":"2021-05-29 23:05:02,602","pid":26692,"hostname":"baixindeMacBook-Pro.local","message":"[egg-schedule]: register schedule /Users/bluewhiteheart/Desktop/studyExample/mihoyo-server/node_modules/egg-multipart/app/schedule/clean_tmpdir.js"}
{"level":"INFO","date":"2021-05-29 23:05:02,603","pid":26692,"hostname":"baixindeMacBook-Pro.local","message":"[egg-schedule]: register schedule /Users/bluewhiteheart/Desktop/studyExample/mihoyo-server/node_modules/egg-logrotator/app/schedule/clean_log.js"}
{"level":"INFO","date":"2021-05-29 23:05:02,603","pid":26692,"hostname":"baixindeMacBook-Pro.local","message":"[egg-schedule]: register schedule /Users/bluewhiteheart/Desktop/studyExample/mihoyo-server/node_modules/egg-logrotator/app/schedule/rotate_by_file.js"}
{"level":"INFO","date":"2021-05-29 23:05:03,958","pid":26703,"hostname":"baixindeMacBook-Pro.local","message":"[egg-schedule]: register schedule /Users/bluewhiteheart/Desktop/studyExample/mihoyo-server/node_modules/egg-multipart/app/schedule/clean_tmpdir.js"}
{"level":"INFO","date":"2021-05-29 23:05:03,958","pid":26703,"hostname":"baixindeMacBook-Pro.local","message":"[egg-schedule]: register schedule /Users/bluewhiteheart/Desktop/studyExample/mihoyo-server/node_modules/egg-logrotator/app/schedule/clean_log.js"}
{"level":"INFO","date":"2021-05-29 23:05:03,958","pid":26703,"hostname":"baixindeMacBook-Pro.local","message":"[egg-schedule]: register schedule /Users/bluewhiteheart/Desktop/studyExample/mihoyo-server/node_modules/egg-logrotator/app/schedule/rotate_by_file.js"}
{"level":"INFO","date":"2021-05-29 23:11:14,006","pid":27211,"hostname":"baixindeMacBook-Pro.local","message":"[egg-schedule]: register schedule /Users/bluewhiteheart/Desktop/studyExample/mihoyo-server/node_modules/egg-multipart/app/schedule/clean_tmpdir.js"}
{"level":"INFO","date":"2021-05-29 23:11:14,006","pid":27211,"hostname":"baixindeMacBook-Pro.local","message":"[egg-schedule]: register schedule /Users/bluewhiteheart/Desktop/studyExample/mihoyo-server/node_modules/egg-logrotator/app/schedule/clean_log.js"}
{"level":"INFO","date":"2021-05-29 23:11:14,006","pid":27211,"hostname":"baixindeMacBook-Pro.local","message":"[egg-schedule]: register schedule /Users/bluewhiteheart/Desktop/studyExample/mihoyo-server/node_modules/egg-logrotator/app/schedule/rotate_by_file.js"}
{"level":"INFO","date":"2021-05-29 23:11:26,554","pid":27230,"hostname":"baixindeMacBook-Pro.local","message":"[egg-schedule]: register schedule /Users/bluewhiteheart/Desktop/studyExample/mihoyo-server/node_modules/egg-multipart/app/schedule/clean_tmpdir.js"}
{"level":"INFO","date":"2021-05-29 23:11:26,554","pid":27230,"hostname":"baixindeMacBook-Pro.local","message":"[egg-schedule]: register schedule /Users/bluewhiteheart/Desktop/studyExample/mihoyo-server/node_modules/egg-logrotator/app/schedule/clean_log.js"}
{"level":"INFO","date":"2021-05-29 23:11:26,554","pid":27230,"hostname":"baixindeMacBook-Pro.local","message":"[egg-schedule]: register schedule /Users/bluewhiteheart/Desktop/studyExample/mihoyo-server/node_modules/egg-logrotator/app/schedule/rotate_by_file.js"}
{"level":"INFO","date":"2021-05-29 23:12:59,879","pid":27382,"hostname":"baixindeMacBook-Pro.local","message":"[egg-schedule]: register schedule /Users/bluewhiteheart/Desktop/studyExample/mihoyo-server/node_modules/egg-multipart/app/schedule/clean_tmpdir.js"}
{"level":"INFO","date":"2021-05-29 23:12:59,879","pid":27382,"hostname":"baixindeMacBook-Pro.local","message":"[egg-schedule]: register schedule /Users/bluewhiteheart/Desktop/studyExample/mihoyo-server/node_modules/egg-logrotator/app/schedule/clean_log.js"}
{"level":"INFO","date":"2021-05-29 23:12:59,879","pid":27382,"hostname":"baixindeMacBook-Pro.local","message":"[egg-schedule]: register schedule /Users/bluewhiteheart/Desktop/studyExample/mihoyo-server/node_modules/egg-logrotator/app/schedule/rotate_by_file.js"}
{"level":"INFO","date":"2021-05-29 23:13:05,689","pid":27410,"hostname":"baixindeMacBook-Pro.local","message":"[egg-schedule]: register schedule /Users/bluewhiteheart/Desktop/studyExample/mihoyo-server/node_modules/egg-multipart/app/schedule/clean_tmpdir.js"}
{"level":"INFO","date":"2021-05-29 23:13:05,689","pid":27410,"hostname":"baixindeMacBook-Pro.local","message":"[egg-schedule]: register schedule /Users/bluewhiteheart/Desktop/studyExample/mihoyo-server/node_modules/egg-logrotator/app/schedule/clean_log.js"}
{"level":"INFO","date":"2021-05-29 23:13:05,689","pid":27410,"hostname":"baixindeMacBook-Pro.local","message":"[egg-schedule]: register schedule /Users/bluewhiteheart/Desktop/studyExample/mihoyo-server/node_modules/egg-logrotator/app/schedule/rotate_by_file.js"}
{"level":"INFO","date":"2021-05-29 23:15:04,939","pid":27569,"hostname":"baixindeMacBook-Pro.local","message":"[egg-schedule]: register schedule /Users/bluewhiteheart/Desktop/studyExample/mihoyo-server/node_modules/egg-multipart/app/schedule/clean_tmpdir.js"}
{"level":"INFO","date":"2021-05-29 23:15:04,939","pid":27569,"hostname":"baixindeMacBook-Pro.local","message":"[egg-schedule]: register schedule /Users/bluewhiteheart/Desktop/studyExample/mihoyo-server/node_modules/egg-logrotator/app/schedule/clean_log.js"}
{"level":"INFO","date":"2021-05-29 23:15:04,939","pid":27569,"hostname":"baixindeMacBook-Pro.local","message":"[egg-schedule]: register schedule /Users/bluewhiteheart/Desktop/studyExample/mihoyo-server/node_modules/egg-logrotator/app/schedule/rotate_by_file.js"}
{"level":"INFO","date":"2021-05-29 23:15:18,112","pid":27608,"hostname":"baixindeMacBook-Pro.local","message":"[egg-schedule]: register schedule /Users/bluewhiteheart/Desktop/studyExample/mihoyo-server/node_modules/egg-multipart/app/schedule/clean_tmpdir.js"}
{"level":"INFO","date":"2021-05-29 23:15:18,112","pid":27608,"hostname":"baixindeMacBook-Pro.local","message":"[egg-schedule]: register schedule /Users/bluewhiteheart/Desktop/studyExample/mihoyo-server/node_modules/egg-logrotator/app/schedule/clean_log.js"}
{"level":"INFO","date":"2021-05-29 23:15:18,112","pid":27608,"hostname":"baixindeMacBook-Pro.local","message":"[egg-schedule]: register schedule /Users/bluewhiteheart/Desktop/studyExample/mihoyo-server/node_modules/egg-logrotator/app/schedule/rotate_by_file.js"}
{"level":"INFO","date":"2021-05-29 23:15:34,692","pid":27635,"hostname":"baixindeMacBook-Pro.local","message":"[egg-schedule]: register schedule /Users/bluewhiteheart/Desktop/studyExample/mihoyo-server/node_modules/egg-multipart/app/schedule/clean_tmpdir.js"}
{"level":"INFO","date":"2021-05-29 23:15:34,692","pid":27635,"hostname":"baixindeMacBook-Pro.local","message":"[egg-schedule]: register schedule /Users/bluewhiteheart/Desktop/studyExample/mihoyo-server/node_modules/egg-logrotator/app/schedule/clean_log.js"}
{"level":"INFO","date":"2021-05-29 23:15:34,692","pid":27635,"hostname":"baixindeMacBook-Pro.local","message":"[egg-schedule]: register schedule /Users/bluewhiteheart/Desktop/studyExample/mihoyo-server/node_modules/egg-logrotator/app/schedule/rotate_by_file.js"}
{"level":"INFO","date":"2021-05-29 23:15:44,710","pid":27643,"hostname":"baixindeMacBook-Pro.local","message":"[egg-schedule]: register schedule /Users/bluewhiteheart/Desktop/studyExample/mihoyo-server/node_modules/egg-multipart/app/schedule/clean_tmpdir.js"}
{"level":"INFO","date":"2021-05-29 23:15:44,710","pid":27643,"hostname":"baixindeMacBook-Pro.local","message":"[egg-schedule]: register schedule /Users/bluewhiteheart/Desktop/studyExample/mihoyo-server/node_modules/egg-logrotator/app/schedule/clean_log.js"}
{"level":"INFO","date":"2021-05-29 23:15:44,710","pid":27643,"hostname":"baixindeMacBook-Pro.local","message":"[egg-schedule]: register schedule /Users/bluewhiteheart/Desktop/studyExample/mihoyo-server/node_modules/egg-logrotator/app/schedule/rotate_by_file.js"}
{"level":"INFO","date":"2021-05-29 23:15:50,595","pid":27651,"hostname":"baixindeMacBook-Pro.local","message":"[egg-schedule]: register schedule /Users/bluewhiteheart/Desktop/studyExample/mihoyo-server/node_modules/egg-multipart/app/schedule/clean_tmpdir.js"}
{"level":"INFO","date":"2021-05-29 23:15:50,595","pid":27651,"hostname":"baixindeMacBook-Pro.local","message":"[egg-schedule]: register schedule /Users/bluewhiteheart/Desktop/studyExample/mihoyo-server/node_modules/egg-logrotator/app/schedule/clean_log.js"}
{"level":"INFO","date":"2021-05-29 23:15:50,595","pid":27651,"hostname":"baixindeMacBook-Pro.local","message":"[egg-schedule]: register schedule /Users/bluewhiteheart/Desktop/studyExample/mihoyo-server/node_modules/egg-logrotator/app/schedule/rotate_by_file.js"}
{"level":"INFO","date":"2021-05-29 23:16:03,354","pid":27681,"hostname":"baixindeMacBook-Pro.local","message":"[egg-schedule]: register schedule /Users/bluewhiteheart/Desktop/studyExample/mihoyo-server/node_modules/egg-multipart/app/schedule/clean_tmpdir.js"}
{"level":"INFO","date":"2021-05-29 23:16:03,354","pid":27681,"hostname":"baixindeMacBook-Pro.local","message":"[egg-schedule]: register schedule /Users/bluewhiteheart/Desktop/studyExample/mihoyo-server/node_modules/egg-logrotator/app/schedule/clean_log.js"}
{"level":"INFO","date":"2021-05-29 23:16:03,354","pid":27681,"hostname":"baixindeMacBook-Pro.local","message":"[egg-schedule]: register schedule /Users/bluewhiteheart/Desktop/studyExample/mihoyo-server/node_modules/egg-logrotator/app/schedule/rotate_by_file.js"}
{"level":"INFO","date":"2021-05-29 23:16:09,645","pid":27707,"hostname":"baixindeMacBook-Pro.local","message":"[egg-schedule]: register schedule /Users/bluewhiteheart/Desktop/studyExample/mihoyo-server/node_modules/egg-multipart/app/schedule/clean_tmpdir.js"}
{"level":"INFO","date":"2021-05-29 23:16:09,645","pid":27707,"hostname":"baixindeMacBook-Pro.local","message":"[egg-schedule]: register schedule /Users/bluewhiteheart/Desktop/studyExample/mihoyo-server/node_modules/egg-logrotator/app/schedule/clean_log.js"}
{"level":"INFO","date":"2021-05-29 23:16:09,645","pid":27707,"hostname":"baixindeMacBook-Pro.local","message":"[egg-schedule]: register schedule /Users/bluewhiteheart/Desktop/studyExample/mihoyo-server/node_modules/egg-logrotator/app/schedule/rotate_by_file.js"}
{"level":"INFO","date":"2021-05-29 23:16:49,178","pid":27845,"hostname":"baixindeMacBook-Pro.local","message":"[egg-schedule]: register schedule /Users/bluewhiteheart/Desktop/studyExample/mihoyo-server/node_modules/egg-multipart/app/schedule/clean_tmpdir.js"}
{"level":"INFO","date":"2021-05-29 23:16:49,178","pid":27845,"hostname":"baixindeMacBook-Pro.local","message":"[egg-schedule]: register schedule /Users/bluewhiteheart/Desktop/studyExample/mihoyo-server/node_modules/egg-logrotator/app/schedule/clean_log.js"}
{"level":"INFO","date":"2021-05-29 23:16:49,178","pid":27845,"hostname":"baixindeMacBook-Pro.local","message":"[egg-schedule]: register schedule /Users/bluewhiteheart/Desktop/studyExample/mihoyo-server/node_modules/egg-logrotator/app/schedule/rotate_by_file.js"}
{"level":"INFO","date":"2021-05-29 23:16:53,273","pid":27854,"hostname":"baixindeMacBook-Pro.local","message":"[egg-schedule]: register schedule /Users/bluewhiteheart/Desktop/studyExample/mihoyo-server/node_modules/egg-multipart/app/schedule/clean_tmpdir.js"}
{"level":"INFO","date":"2021-05-29 23:16:53,273","pid":27854,"hostname":"baixindeMacBook-Pro.local","message":"[egg-schedule]: register schedule /Users/bluewhiteheart/Desktop/studyExample/mihoyo-server/node_modules/egg-logrotator/app/schedule/clean_log.js"}
{"level":"INFO","date":"2021-05-29 23:16:53,273","pid":27854,"hostname":"baixindeMacBook-Pro.local","message":"[egg-schedule]: register schedule /Users/bluewhiteheart/Desktop/studyExample/mihoyo-server/node_modules/egg-logrotator/app/schedule/rotate_by_file.js"}
{"level":"INFO","date":"2021-05-29 23:16:54,961","pid":27857,"hostname":"baixindeMacBook-Pro.local","message":"[egg-schedule]: register schedule /Users/bluewhiteheart/Desktop/studyExample/mihoyo-server/node_modules/egg-multipart/app/schedule/clean_tmpdir.js"}
{"level":"INFO","date":"2021-05-29 23:16:54,961","pid":27857,"hostname":"baixindeMacBook-Pro.local","message":"[egg-schedule]: register schedule /Users/bluewhiteheart/Desktop/studyExample/mihoyo-server/node_modules/egg-logrotator/app/schedule/clean_log.js"}
{"level":"INFO","date":"2021-05-29 23:16:54,961","pid":27857,"hostname":"baixindeMacBook-Pro.local","message":"[egg-schedule]: register schedule /Users/bluewhiteheart/Desktop/studyExample/mihoyo-server/node_modules/egg-logrotator/app/schedule/rotate_by_file.js"}
{"level":"INFO","date":"2021-05-29 23:16:58,542","pid":27866,"hostname":"baixindeMacBook-Pro.local","message":"[egg-schedule]: register schedule /Users/bluewhiteheart/Desktop/studyExample/mihoyo-server/node_modules/egg-multipart/app/schedule/clean_tmpdir.js"}
{"level":"INFO","date":"2021-05-29 23:16:58,542","pid":27866,"hostname":"baixindeMacBook-Pro.local","message":"[egg-schedule]: register schedule /Users/bluewhiteheart/Desktop/studyExample/mihoyo-server/node_modules/egg-logrotator/app/schedule/clean_log.js"}
{"level":"INFO","date":"2021-05-29 23:16:58,542","pid":27866,"hostname":"baixindeMacBook-Pro.local","message":"[egg-schedule]: register schedule /Users/bluewhiteheart/Desktop/studyExample/mihoyo-server/node_modules/egg-logrotator/app/schedule/rotate_by_file.js"}
{"level":"INFO","date":"2021-05-29 23:17:01,119","pid":27868,"hostname":"baixindeMacBook-Pro.local","message":"[egg-schedule]: register schedule /Users/bluewhiteheart/Desktop/studyExample/mihoyo-server/node_modules/egg-multipart/app/schedule/clean_tmpdir.js"}
{"level":"INFO","date":"2021-05-29 23:17:01,119","pid":27868,"hostname":"baixindeMacBook-Pro.local","message":"[egg-schedule]: register schedule /Users/bluewhiteheart/Desktop/studyExample/mihoyo-server/node_modules/egg-logrotator/app/schedule/clean_log.js"}
{"level":"INFO","date":"2021-05-29 23:17:01,119","pid":27868,"hostname":"baixindeMacBook-Pro.local","message":"[egg-schedule]: register schedule /Users/bluewhiteheart/Desktop/studyExample/mihoyo-server/node_modules/egg-logrotator/app/schedule/rotate_by_file.js"}
{"level":"INFO","date":"2021-05-29 23:17:03,170","pid":27879,"hostname":"baixindeMacBook-Pro.local","message":"[egg-schedule]: register schedule /Users/bluewhiteheart/Desktop/studyExample/mihoyo-server/node_modules/egg-multipart/app/schedule/clean_tmpdir.js"}
{"level":"INFO","date":"2021-05-29 23:17:03,170","pid":27879,"hostname":"baixindeMacBook-Pro.local","message":"[egg-schedule]: register schedule /Users/bluewhiteheart/Desktop/studyExample/mihoyo-server/node_modules/egg-logrotator/app/schedule/clean_log.js"}
{"level":"INFO","date":"2021-05-29 23:17:03,170","pid":27879,"hostname":"baixindeMacBook-Pro.local","message":"[egg-schedule]: register schedule /Users/bluewhiteheart/Desktop/studyExample/mihoyo-server/node_modules/egg-logrotator/app/schedule/rotate_by_file.js"}
{"level":"INFO","date":"2021-05-29 23:17:07,909","pid":27887,"hostname":"baixindeMacBook-Pro.local","message":"[egg-schedule]: register schedule /Users/bluewhiteheart/Desktop/studyExample/mihoyo-server/node_modules/egg-multipart/app/schedule/clean_tmpdir.js"}
{"level":"INFO","date":"2021-05-29 23:17:07,909","pid":27887,"hostname":"baixindeMacBook-Pro.local","message":"[egg-schedule]: register schedule /Users/bluewhiteheart/Desktop/studyExample/mihoyo-server/node_modules/egg-logrotator/app/schedule/clean_log.js"}
{"level":"INFO","date":"2021-05-29 23:17:07,909","pid":27887,"hostname":"baixindeMacBook-Pro.local","message":"[egg-schedule]: register schedule /Users/bluewhiteheart/Desktop/studyExample/mihoyo-server/node_modules/egg-logrotator/app/schedule/rotate_by_file.js"}
{"level":"INFO","date":"2021-05-29 23:17:09,780","pid":27889,"hostname":"baixindeMacBook-Pro.local","message":"[egg-schedule]: register schedule /Users/bluewhiteheart/Desktop/studyExample/mihoyo-server/node_modules/egg-multipart/app/schedule/clean_tmpdir.js"}
{"level":"INFO","date":"2021-05-29 23:17:09,780","pid":27889,"hostname":"baixindeMacBook-Pro.local","message":"[egg-schedule]: register schedule /Users/bluewhiteheart/Desktop/studyExample/mihoyo-server/node_modules/egg-logrotator/app/schedule/clean_log.js"}
{"level":"INFO","date":"2021-05-29 23:17:09,780","pid":27889,"hostname":"baixindeMacBook-Pro.local","message":"[egg-schedule]: register schedule /Users/bluewhiteheart/Desktop/studyExample/mihoyo-server/node_modules/egg-logrotator/app/schedule/rotate_by_file.js"}
{"level":"INFO","date":"2021-05-29 23:17:27,823","pid":27908,"hostname":"baixindeMacBook-Pro.local","message":"[egg-schedule]: register schedule /Users/bluewhiteheart/Desktop/studyExample/mihoyo-server/node_modules/egg-multipart/app/schedule/clean_tmpdir.js"}
{"level":"INFO","date":"2021-05-29 23:17:27,823","pid":27908,"hostname":"baixindeMacBook-Pro.local","message":"[egg-schedule]: register schedule /Users/bluewhiteheart/Desktop/studyExample/mihoyo-server/node_modules/egg-logrotator/app/schedule/clean_log.js"}
{"level":"INFO","date":"2021-05-29 23:17:27,823","pid":27908,"hostname":"baixindeMacBook-Pro.local","message":"[egg-schedule]: register schedule /Users/bluewhiteheart/Desktop/studyExample/mihoyo-server/node_modules/egg-logrotator/app/schedule/rotate_by_file.js"}
{"level":"INFO","date":"2021-05-29 23:17:34,175","pid":27916,"hostname":"baixindeMacBook-Pro.local","message":"[egg-schedule]: register schedule /Users/bluewhiteheart/Desktop/studyExample/mihoyo-server/node_modules/egg-multipart/app/schedule/clean_tmpdir.js"}
{"level":"INFO","date":"2021-05-29 23:17:34,175","pid":27916,"hostname":"baixindeMacBook-Pro.local","message":"[egg-schedule]: register schedule /Users/bluewhiteheart/Desktop/studyExample/mihoyo-server/node_modules/egg-logrotator/app/schedule/clean_log.js"}
{"level":"INFO","date":"2021-05-29 23:17:34,175","pid":27916,"hostname":"baixindeMacBook-Pro.local","message":"[egg-schedule]: register schedule /Users/bluewhiteheart/Desktop/studyExample/mihoyo-server/node_modules/egg-logrotator/app/schedule/rotate_by_file.js"}
{"level":"INFO","date":"2021-05-29 23:17:53,927","pid":27947,"hostname":"baixindeMacBook-Pro.local","message":"[egg-schedule]: register schedule /Users/bluewhiteheart/Desktop/studyExample/mihoyo-server/node_modules/egg-multipart/app/schedule/clean_tmpdir.js"}
{"level":"INFO","date":"2021-05-29 23:17:53,927","pid":27947,"hostname":"baixindeMacBook-Pro.local","message":"[egg-schedule]: register schedule /Users/bluewhiteheart/Desktop/studyExample/mihoyo-server/node_modules/egg-logrotator/app/schedule/clean_log.js"}
{"level":"INFO","date":"2021-05-29 23:17:53,927","pid":27947,"hostname":"baixindeMacBook-Pro.local","message":"[egg-schedule]: register schedule /Users/bluewhiteheart/Desktop/studyExample/mihoyo-server/node_modules/egg-logrotator/app/schedule/rotate_by_file.js"}
{"level":"INFO","date":"2021-05-29 23:17:54,129","pid":27946,"hostname":"baixindeMacBook-Pro.local","message":"[Timer] /Users/bluewhiteheart/Desktop/studyExample/mihoyo-server/node_modules/egg-multipart/app/schedule/clean_tmpdir.js next time will execute after 18725873ms at 2021-05-30 04:30:00.002"}
{"level":"INFO","date":"2021-05-29 23:17:54,129","pid":27946,"hostname":"baixindeMacBook-Pro.local","message":"[Timer] /Users/bluewhiteheart/Desktop/studyExample/mihoyo-server/node_modules/egg-logrotator/app/schedule/clean_log.js next time will execute after 2525871ms at 2021-05-30 00:00:00.000"}
{"level":"INFO","date":"2021-05-29 23:17:54,129","pid":27946,"hostname":"baixindeMacBook-Pro.local","message":"[Timer] /Users/bluewhiteheart/Desktop/studyExample/mihoyo-server/node_modules/egg-logrotator/app/schedule/rotate_by_file.js next time will execute after 2526871ms at 2021-05-30 00:00:01.000"}
{"level":"INFO","date":"2021-05-29 23:19:29,974","pid":28048,"hostname":"baixindeMacBook-Pro.local","message":"[egg-schedule]: register schedule /Users/bluewhiteheart/Desktop/studyExample/mihoyo-server/node_modules/egg-multipart/app/schedule/clean_tmpdir.js"}
{"level":"INFO","date":"2021-05-29 23:19:29,974","pid":28048,"hostname":"baixindeMacBook-Pro.local","message":"[egg-schedule]: register schedule /Users/bluewhiteheart/Desktop/studyExample/mihoyo-server/node_modules/egg-logrotator/app/schedule/clean_log.js"}
{"level":"INFO","date":"2021-05-29 23:19:29,974","pid":28048,"hostname":"baixindeMacBook-Pro.local","message":"[egg-schedule]: register schedule /Users/bluewhiteheart/Desktop/studyExample/mihoyo-server/node_modules/egg-logrotator/app/schedule/rotate_by_file.js"}
{"level":"INFO","date":"2021-05-29 23:19:32,526","pid":28057,"hostname":"baixindeMacBook-Pro.local","message":"[egg-schedule]: register schedule /Users/bluewhiteheart/Desktop/studyExample/mihoyo-server/node_modules/egg-multipart/app/schedule/clean_tmpdir.js"}
{"level":"INFO","date":"2021-05-29 23:19:32,526","pid":28057,"hostname":"baixindeMacBook-Pro.local","message":"[egg-schedule]: register schedule /Users/bluewhiteheart/Desktop/studyExample/mihoyo-server/node_modules/egg-logrotator/app/schedule/clean_log.js"}
{"level":"INFO","date":"2021-05-29 23:19:32,526","pid":28057,"hostname":"baixindeMacBook-Pro.local","message":"[egg-schedule]: register schedule /Users/bluewhiteheart/Desktop/studyExample/mihoyo-server/node_modules/egg-logrotator/app/schedule/rotate_by_file.js"}
{"level":"INFO","date":"2021-05-29 23:19:56,241","pid":28074,"hostname":"baixindeMacBook-Pro.local","message":"[egg-schedule]: register schedule /Users/bluewhiteheart/Desktop/studyExample/mihoyo-server/node_modules/egg-multipart/app/schedule/clean_tmpdir.js"}
{"level":"INFO","date":"2021-05-29 23:19:56,241","pid":28074,"hostname":"baixindeMacBook-Pro.local","message":"[egg-schedule]: register schedule /Users/bluewhiteheart/Desktop/studyExample/mihoyo-server/node_modules/egg-logrotator/app/schedule/clean_log.js"}
{"level":"INFO","date":"2021-05-29 23:19:56,241","pid":28074,"hostname":"baixindeMacBook-Pro.local","message":"[egg-schedule]: register schedule /Users/bluewhiteheart/Desktop/studyExample/mihoyo-server/node_modules/egg-logrotator/app/schedule/rotate_by_file.js"}
{"level":"INFO","date":"2021-05-29 23:21:03,372","pid":28186,"hostname":"baixindeMacBook-Pro.local","message":"[egg-schedule]: register schedule /Users/bluewhiteheart/Desktop/studyExample/mihoyo-server/node_modules/egg-multipart/app/schedule/clean_tmpdir.js"}
{"level":"INFO","date":"2021-05-29 23:21:03,372","pid":28186,"hostname":"baixindeMacBook-Pro.local","message":"[egg-schedule]: register schedule /Users/bluewhiteheart/Desktop/studyExample/mihoyo-server/node_modules/egg-logrotator/app/schedule/clean_log.js"}
{"level":"INFO","date":"2021-05-29 23:21:03,372","pid":28186,"hostname":"baixindeMacBook-Pro.local","message":"[egg-schedule]: register schedule /Users/bluewhiteheart/Desktop/studyExample/mihoyo-server/node_modules/egg-logrotator/app/schedule/rotate_by_file.js"}
{"level":"INFO","date":"2021-05-29 23:23:29,347","pid":28368,"hostname":"baixindeMacBook-Pro.local","message":"[egg-schedule]: register schedule /Users/bluewhiteheart/Desktop/studyExample/mihoyo-server/node_modules/egg-multipart/app/schedule/clean_tmpdir.js"}
{"level":"INFO","date":"2021-05-29 23:23:29,347","pid":28368,"hostname":"baixindeMacBook-Pro.local","message":"[egg-schedule]: register schedule /Users/bluewhiteheart/Desktop/studyExample/mihoyo-server/node_modules/egg-logrotator/app/schedule/clean_log.js"}
{"level":"INFO","date":"2021-05-29 23:23:29,347","pid":28368,"hostname":"baixindeMacBook-Pro.local","message":"[egg-schedule]: register schedule /Users/bluewhiteheart/Desktop/studyExample/mihoyo-server/node_modules/egg-logrotator/app/schedule/rotate_by_file.js"}
{"level":"INFO","date":"2021-05-29 23:23:29,737","pid":28366,"hostname":"baixindeMacBook-Pro.local","message":"[Timer] /Users/bluewhiteheart/Desktop/studyExample/mihoyo-server/node_modules/egg-multipart/app/schedule/clean_tmpdir.js next time will execute after 18390266ms at 2021-05-30 04:30:00.003"}
{"level":"INFO","date":"2021-05-29 23:23:29,737","pid":28366,"hostname":"baixindeMacBook-Pro.local","message":"[Timer] /Users/bluewhiteheart/Desktop/studyExample/mihoyo-server/node_modules/egg-logrotator/app/schedule/clean_log.js next time will execute after 2190263ms at 2021-05-30 00:00:00.000"}
{"level":"INFO","date":"2021-05-29 23:23:29,738","pid":28366,"hostname":"baixindeMacBook-Pro.local","message":"[Timer] /Users/bluewhiteheart/Desktop/studyExample/mihoyo-server/node_modules/egg-logrotator/app/schedule/rotate_by_file.js next time will execute after 2191262ms at 2021-05-30 00:00:01.000"}
{"level":"INFO","date":"2021-05-29 23:29:27,289","pid":28884,"hostname":"baixindeMacBook-Pro.local","message":"[egg-schedule]: register schedule /Users/bluewhiteheart/Desktop/studyExample/mihoyo-server/node_modules/egg-multipart/app/schedule/clean_tmpdir.js"}
{"level":"INFO","date":"2021-05-29 23:29:27,289","pid":28884,"hostname":"baixindeMacBook-Pro.local","message":"[egg-schedule]: register schedule /Users/bluewhiteheart/Desktop/studyExample/mihoyo-server/node_modules/egg-logrotator/app/schedule/clean_log.js"}
{"level":"INFO","date":"2021-05-29 23:29:27,289","pid":28884,"hostname":"baixindeMacBook-Pro.local","message":"[egg-schedule]: register schedule /Users/bluewhiteheart/Desktop/studyExample/mihoyo-server/node_modules/egg-logrotator/app/schedule/rotate_by_file.js"}
{"level":"INFO","date":"2021-05-29 23:30:59,278","pid":28957,"hostname":"baixindeMacBook-Pro.local","message":"[egg-schedule]: register schedule /Users/bluewhiteheart/Desktop/studyExample/mihoyo-server/node_modules/egg-multipart/app/schedule/clean_tmpdir.js"}
{"level":"INFO","date":"2021-05-29 23:30:59,278","pid":28957,"hostname":"baixindeMacBook-Pro.local","message":"[egg-schedule]: register schedule /Users/bluewhiteheart/Desktop/studyExample/mihoyo-server/node_modules/egg-logrotator/app/schedule/clean_log.js"}
{"level":"INFO","date":"2021-05-29 23:30:59,278","pid":28957,"hostname":"baixindeMacBook-Pro.local","message":"[egg-schedule]: register schedule /Users/bluewhiteheart/Desktop/studyExample/mihoyo-server/node_modules/egg-logrotator/app/schedule/rotate_by_file.js"}
{"level":"INFO","date":"2021-05-29 23:31:10,504","pid":28995,"hostname":"baixindeMacBook-Pro.local","message":"[egg-schedule]: register schedule /Users/bluewhiteheart/Desktop/studyExample/mihoyo-server/node_modules/egg-multipart/app/schedule/clean_tmpdir.js"}
{"level":"INFO","date":"2021-05-29 23:31:10,504","pid":28995,"hostname":"baixindeMacBook-Pro.local","message":"[egg-schedule]: register schedule /Users/bluewhiteheart/Desktop/studyExample/mihoyo-server/node_modules/egg-logrotator/app/schedule/clean_log.js"}
{"level":"INFO","date":"2021-05-29 23:31:10,504","pid":28995,"hostname":"baixindeMacBook-Pro.local","message":"[egg-schedule]: register schedule /Users/bluewhiteheart/Desktop/studyExample/mihoyo-server/node_modules/egg-logrotator/app/schedule/rotate_by_file.js"}
{"level":"INFO","date":"2021-05-29 23:31:12,368","pid":29001,"hostname":"baixindeMacBook-Pro.local","message":"[egg-schedule]: register schedule /Users/bluewhiteheart/Desktop/studyExample/mihoyo-server/node_modules/egg-multipart/app/schedule/clean_tmpdir.js"}
{"level":"INFO","date":"2021-05-29 23:31:12,368","pid":29001,"hostname":"baixindeMacBook-Pro.local","message":"[egg-schedule]: register schedule /Users/bluewhiteheart/Desktop/studyExample/mihoyo-server/node_modules/egg-logrotator/app/schedule/clean_log.js"}
{"level":"INFO","date":"2021-05-29 23:31:12,368","pid":29001,"hostname":"baixindeMacBook-Pro.local","message":"[egg-schedule]: register schedule /Users/bluewhiteheart/Desktop/studyExample/mihoyo-server/node_modules/egg-logrotator/app/schedule/rotate_by_file.js"}
{"level":"INFO","date":"2021-05-29 23:31:30,709","pid":29034,"hostname":"baixindeMacBook-Pro.local","message":"[egg-schedule]: register schedule /Users/bluewhiteheart/Desktop/studyExample/mihoyo-server/node_modules/egg-multipart/app/schedule/clean_tmpdir.js"}
{"level":"INFO","date":"2021-05-29 23:31:30,709","pid":29034,"hostname":"baixindeMacBook-Pro.local","message":"[egg-schedule]: register schedule /Users/bluewhiteheart/Desktop/studyExample/mihoyo-server/node_modules/egg-logrotator/app/schedule/clean_log.js"}
{"level":"INFO","date":"2021-05-29 23:31:30,710","pid":29034,"hostname":"baixindeMacBook-Pro.local","message":"[egg-schedule]: register schedule /Users/bluewhiteheart/Desktop/studyExample/mihoyo-server/node_modules/egg-logrotator/app/schedule/rotate_by_file.js"}
{"level":"INFO","date":"2021-05-29 23:33:54,779","pid":29180,"hostname":"baixindeMacBook-Pro.local","message":"[egg-schedule]: register schedule /Users/bluewhiteheart/Desktop/studyExample/mihoyo-server/node_modules/egg-multipart/app/schedule/clean_tmpdir.js"}
{"level":"INFO","date":"2021-05-29 23:33:54,779","pid":29180,"hostname":"baixindeMacBook-Pro.local","message":"[egg-schedule]: register schedule /Users/bluewhiteheart/Desktop/studyExample/mihoyo-server/node_modules/egg-logrotator/app/schedule/clean_log.js"}
{"level":"INFO","date":"2021-05-29 23:33:54,779","pid":29180,"hostname":"baixindeMacBook-Pro.local","message":"[egg-schedule]: register schedule /Users/bluewhiteheart/Desktop/studyExample/mihoyo-server/node_modules/egg-logrotator/app/schedule/rotate_by_file.js"}
{"level":"INFO","date":"2021-05-29 23:34:01,280","pid":29203,"hostname":"baixindeMacBook-Pro.local","message":"[egg-schedule]: register schedule /Users/bluewhiteheart/Desktop/studyExample/mihoyo-server/node_modules/egg-multipart/app/schedule/clean_tmpdir.js"}
{"level":"INFO","date":"2021-05-29 23:34:01,280","pid":29203,"hostname":"baixindeMacBook-Pro.local","message":"[egg-schedule]: register schedule /Users/bluewhiteheart/Desktop/studyExample/mihoyo-server/node_modules/egg-logrotator/app/schedule/clean_log.js"}
{"level":"INFO","date":"2021-05-29 23:34:01,280","pid":29203,"hostname":"baixindeMacBook-Pro.local","message":"[egg-schedule]: register schedule /Users/bluewhiteheart/Desktop/studyExample/mihoyo-server/node_modules/egg-logrotator/app/schedule/rotate_by_file.js"}
{"level":"INFO","date":"2021-05-29 23:34:06,074","pid":29213,"hostname":"baixindeMacBook-Pro.local","message":"[egg-schedule]: register schedule /Users/bluewhiteheart/Desktop/studyExample/mihoyo-server/node_modules/egg-multipart/app/schedule/clean_tmpdir.js"}
{"level":"INFO","date":"2021-05-29 23:34:06,074","pid":29213,"hostname":"baixindeMacBook-Pro.local","message":"[egg-schedule]: register schedule /Users/bluewhiteheart/Desktop/studyExample/mihoyo-server/node_modules/egg-logrotator/app/schedule/clean_log.js"}
{"level":"INFO","date":"2021-05-29 23:34:06,074","pid":29213,"hostname":"baixindeMacBook-Pro.local","message":"[egg-schedule]: register schedule /Users/bluewhiteheart/Desktop/studyExample/mihoyo-server/node_modules/egg-logrotator/app/schedule/rotate_by_file.js"}
{"level":"INFO","date":"2021-05-29 23:34:25,569","pid":29248,"hostname":"baixindeMacBook-Pro.local","message":"[egg-schedule]: register schedule /Users/bluewhiteheart/Desktop/studyExample/mihoyo-server/node_modules/egg-multipart/app/schedule/clean_tmpdir.js"}
{"level":"INFO","date":"2021-05-29 23:34:25,569","pid":29248,"hostname":"baixindeMacBook-Pro.local","message":"[egg-schedule]: register schedule /Users/bluewhiteheart/Desktop/studyExample/mihoyo-server/node_modules/egg-logrotator/app/schedule/clean_log.js"}
{"level":"INFO","date":"2021-05-29 23:34:25,569","pid":29248,"hostname":"baixindeMacBook-Pro.local","message":"[egg-schedule]: register schedule /Users/bluewhiteheart/Desktop/studyExample/mihoyo-server/node_modules/egg-logrotator/app/schedule/rotate_by_file.js"}
{"level":"INFO","date":"2021-05-29 23:35:43,703","pid":29388,"hostname":"baixindeMacBook-Pro.local","message":"[egg-schedule]: register schedule /Users/bluewhiteheart/Desktop/studyExample/mihoyo-server/node_modules/egg-multipart/app/schedule/clean_tmpdir.js"}
{"level":"INFO","date":"2021-05-29 23:35:43,703","pid":29388,"hostname":"baixindeMacBook-Pro.local","message":"[egg-schedule]: register schedule /Users/bluewhiteheart/Desktop/studyExample/mihoyo-server/node_modules/egg-logrotator/app/schedule/clean_log.js"}
{"level":"INFO","date":"2021-05-29 23:35:43,703","pid":29388,"hostname":"baixindeMacBook-Pro.local","message":"[egg-schedule]: register schedule /Users/bluewhiteheart/Desktop/studyExample/mihoyo-server/node_modules/egg-logrotator/app/schedule/rotate_by_file.js"}
{"level":"INFO","date":"2021-05-29 23:36:00,466","pid":29423,"hostname":"baixindeMacBook-Pro.local","message":"[egg-schedule]: register schedule /Users/bluewhiteheart/Desktop/studyExample/mihoyo-server/node_modules/egg-multipart/app/schedule/clean_tmpdir.js"}
{"level":"INFO","date":"2021-05-29 23:36:00,466","pid":29423,"hostname":"baixindeMacBook-Pro.local","message":"[egg-schedule]: register schedule /Users/bluewhiteheart/Desktop/studyExample/mihoyo-server/node_modules/egg-logrotator/app/schedule/clean_log.js"}
{"level":"INFO","date":"2021-05-29 23:36:00,466","pid":29423,"hostname":"baixindeMacBook-Pro.local","message":"[egg-schedule]: register schedule /Users/bluewhiteheart/Desktop/studyExample/mihoyo-server/node_modules/egg-logrotator/app/schedule/rotate_by_file.js"}
{"level":"INFO","date":"2021-05-29 23:36:11,773","pid":29449,"hostname":"baixindeMacBook-Pro.local","message":"[egg-schedule]: register schedule /Users/bluewhiteheart/Desktop/studyExample/mihoyo-server/node_modules/egg-multipart/app/schedule/clean_tmpdir.js"}
{"level":"INFO","date":"2021-05-29 23:36:11,773","pid":29449,"hostname":"baixindeMacBook-Pro.local","message":"[egg-schedule]: register schedule /Users/bluewhiteheart/Desktop/studyExample/mihoyo-server/node_modules/egg-logrotator/app/schedule/clean_log.js"}
{"level":"INFO","date":"2021-05-29 23:36:11,773","pid":29449,"hostname":"baixindeMacBook-Pro.local","message":"[egg-schedule]: register schedule /Users/bluewhiteheart/Desktop/studyExample/mihoyo-server/node_modules/egg-logrotator/app/schedule/rotate_by_file.js"}
{"level":"INFO","date":"2021-05-29 23:36:41,697","pid":29512,"hostname":"baixindeMacBook-Pro.local","message":"[egg-schedule]: register schedule /Users/bluewhiteheart/Desktop/studyExample/mihoyo-server/node_modules/egg-multipart/app/schedule/clean_tmpdir.js"}
{"level":"INFO","date":"2021-05-29 23:36:41,697","pid":29512,"hostname":"baixindeMacBook-Pro.local","message":"[egg-schedule]: register schedule /Users/bluewhiteheart/Desktop/studyExample/mihoyo-server/node_modules/egg-logrotator/app/schedule/clean_log.js"}
{"level":"INFO","date":"2021-05-29 23:36:41,697","pid":29512,"hostname":"baixindeMacBook-Pro.local","message":"[egg-schedule]: register schedule /Users/bluewhiteheart/Desktop/studyExample/mihoyo-server/node_modules/egg-logrotator/app/schedule/rotate_by_file.js"}
{"level":"INFO","date":"2021-05-29 23:37:06,008","pid":29548,"hostname":"baixindeMacBook-Pro.local","message":"[egg-schedule]: register schedule /Users/bluewhiteheart/Desktop/studyExample/mihoyo-server/node_modules/egg-multipart/app/schedule/clean_tmpdir.js"}
{"level":"INFO","date":"2021-05-29 23:37:06,008","pid":29548,"hostname":"baixindeMacBook-Pro.local","message":"[egg-schedule]: register schedule /Users/bluewhiteheart/Desktop/studyExample/mihoyo-server/node_modules/egg-logrotator/app/schedule/clean_log.js"}
{"level":"INFO","date":"2021-05-29 23:37:06,008","pid":29548,"hostname":"baixindeMacBook-Pro.local","message":"[egg-schedule]: register schedule /Users/bluewhiteheart/Desktop/studyExample/mihoyo-server/node_modules/egg-logrotator/app/schedule/rotate_by_file.js"}
{"level":"INFO","date":"2021-05-29 23:37:09,349","pid":29564,"hostname":"baixindeMacBook-Pro.local","message":"[egg-schedule]: register schedule /Users/bluewhiteheart/Desktop/studyExample/mihoyo-server/node_modules/egg-multipart/app/schedule/clean_tmpdir.js"}
{"level":"INFO","date":"2021-05-29 23:37:09,349","pid":29564,"hostname":"baixindeMacBook-Pro.local","message":"[egg-schedule]: register schedule /Users/bluewhiteheart/Desktop/studyExample/mihoyo-server/node_modules/egg-logrotator/app/schedule/clean_log.js"}
{"level":"INFO","date":"2021-05-29 23:37:09,349","pid":29564,"hostname":"baixindeMacBook-Pro.local","message":"[egg-schedule]: register schedule /Users/bluewhiteheart/Desktop/studyExample/mihoyo-server/node_modules/egg-logrotator/app/schedule/rotate_by_file.js"}
{"level":"INFO","date":"2021-05-29 23:38:51,379","pid":29853,"hostname":"baixindeMacBook-Pro.local","message":"[egg-schedule]: register schedule /Users/bluewhiteheart/Desktop/studyExample/mihoyo-server/node_modules/egg-multipart/app/schedule/clean_tmpdir.js"}
{"level":"INFO","date":"2021-05-29 23:38:51,379","pid":29853,"hostname":"baixindeMacBook-Pro.local","message":"[egg-schedule]: register schedule /Users/bluewhiteheart/Desktop/studyExample/mihoyo-server/node_modules/egg-logrotator/app/schedule/clean_log.js"}
{"level":"INFO","date":"2021-05-29 23:38:51,379","pid":29853,"hostname":"baixindeMacBook-Pro.local","message":"[egg-schedule]: register schedule /Users/bluewhiteheart/Desktop/studyExample/mihoyo-server/node_modules/egg-logrotator/app/schedule/rotate_by_file.js"}
{"level":"INFO","date":"2021-05-29 23:38:52,664","pid":29845,"hostname":"baixindeMacBook-Pro.local","message":"[Timer] /Users/bluewhiteheart/Desktop/studyExample/mihoyo-server/node_modules/egg-multipart/app/schedule/clean_tmpdir.js next time will execute after 17467339ms at 2021-05-30 04:30:00.003"}
{"level":"INFO","date":"2021-05-29 23:38:52,665","pid":29845,"hostname":"baixindeMacBook-Pro.local","message":"[Timer] /Users/bluewhiteheart/Desktop/studyExample/mihoyo-server/node_modules/egg-logrotator/app/schedule/clean_log.js next time will execute after 1267335ms at 2021-05-30 00:00:00.000"}
{"level":"INFO","date":"2021-05-29 23:38:52,665","pid":29845,"hostname":"baixindeMacBook-Pro.local","message":"[Timer] /Users/bluewhiteheart/Desktop/studyExample/mihoyo-server/node_modules/egg-logrotator/app/schedule/rotate_by_file.js next time will execute after 1268335ms at 2021-05-30 00:00:01.000"}
{"level":"INFO","date":"2021-05-29 23:39:29,409","pid":29895,"hostname":"baixindeMacBook-Pro.local","message":"[egg-schedule]: register schedule /Users/bluewhiteheart/Desktop/studyExample/mihoyo-server/node_modules/egg-multipart/app/schedule/clean_tmpdir.js"}
{"level":"INFO","date":"2021-05-29 23:39:29,409","pid":29895,"hostname":"baixindeMacBook-Pro.local","message":"[egg-schedule]: register schedule /Users/bluewhiteheart/Desktop/studyExample/mihoyo-server/node_modules/egg-logrotator/app/schedule/clean_log.js"}
{"level":"INFO","date":"2021-05-29 23:39:29,409","pid":29895,"hostname":"baixindeMacBook-Pro.local","message":"[egg-schedule]: register schedule /Users/bluewhiteheart/Desktop/studyExample/mihoyo-server/node_modules/egg-logrotator/app/schedule/rotate_by_file.js"}
{"level":"INFO","date":"2021-05-29 23:39:29,409","pid":29896,"hostname":"baixindeMacBook-Pro.local","message":"[egg-schedule]: register schedule /Users/bluewhiteheart/Desktop/studyExample/mihoyo-server/node_modules/egg-multipart/app/schedule/clean_tmpdir.js"}
{"level":"INFO","date":"2021-05-29 23:39:29,409","pid":29896,"hostname":"baixindeMacBook-Pro.local","message":"[egg-schedule]: register schedule /Users/bluewhiteheart/Desktop/studyExample/mihoyo-server/node_modules/egg-logrotator/app/schedule/clean_log.js"}
{"level":"INFO","date":"2021-05-29 23:39:29,409","pid":29896,"hostname":"baixindeMacBook-Pro.local","message":"[egg-schedule]: register schedule /Users/bluewhiteheart/Desktop/studyExample/mihoyo-server/node_modules/egg-logrotator/app/schedule/rotate_by_file.js"}
{"level":"INFO","date":"2021-05-29 23:39:32,677","pid":29922,"hostname":"baixindeMacBook-Pro.local","message":"[egg-schedule]: register schedule /Users/bluewhiteheart/Desktop/studyExample/mihoyo-server/node_modules/egg-multipart/app/schedule/clean_tmpdir.js"}
{"level":"INFO","date":"2021-05-29 23:39:32,677","pid":29922,"hostname":"baixindeMacBook-Pro.local","message":"[egg-schedule]: register schedule /Users/bluewhiteheart/Desktop/studyExample/mihoyo-server/node_modules/egg-logrotator/app/schedule/clean_log.js"}
{"level":"INFO","date":"2021-05-29 23:39:32,677","pid":29922,"hostname":"baixindeMacBook-Pro.local","message":"[egg-schedule]: register schedule /Users/bluewhiteheart/Desktop/studyExample/mihoyo-server/node_modules/egg-logrotator/app/schedule/rotate_by_file.js"}
{"level":"INFO","date":"2021-05-29 23:40:41,252","pid":29977,"hostname":"baixindeMacBook-Pro.local","message":"[egg-schedule]: register schedule /Users/bluewhiteheart/Desktop/studyExample/mihoyo-server/node_modules/egg-multipart/app/schedule/clean_tmpdir.js"}
{"level":"INFO","date":"2021-05-29 23:40:41,252","pid":29977,"hostname":"baixindeMacBook-Pro.local","message":"[egg-schedule]: register schedule /Users/bluewhiteheart/Desktop/studyExample/mihoyo-server/node_modules/egg-logrotator/app/schedule/clean_log.js"}
{"level":"INFO","date":"2021-05-29 23:40:41,252","pid":29977,"hostname":"baixindeMacBook-Pro.local","message":"[egg-schedule]: register schedule /Users/bluewhiteheart/Desktop/studyExample/mihoyo-server/node_modules/egg-logrotator/app/schedule/rotate_by_file.js"}
{"level":"INFO","date":"2021-05-29 23:40:42,283","pid":29976,"hostname":"baixindeMacBook-Pro.local","message":"[Timer] /Users/bluewhiteheart/Desktop/studyExample/mihoyo-server/node_modules/egg-multipart/app/schedule/clean_tmpdir.js next time will execute after 17357719ms at 2021-05-30 04:30:00.002"}
{"level":"INFO","date":"2021-05-29 23:40:42,284","pid":29976,"hostname":"baixindeMacBook-Pro.local","message":"[Timer] /Users/bluewhiteheart/Desktop/studyExample/mihoyo-server/node_modules/egg-logrotator/app/schedule/clean_log.js next time will execute after 1157716ms at 2021-05-30 00:00:00.000"}
{"level":"INFO","date":"2021-05-29 23:40:42,284","pid":29976,"hostname":"baixindeMacBook-Pro.local","message":"[Timer] /Users/bluewhiteheart/Desktop/studyExample/mihoyo-server/node_modules/egg-logrotator/app/schedule/rotate_by_file.js next time will execute after 1158716ms at 2021-05-30 00:00:01.000"}
{"level":"INFO","date":"2021-05-29 23:42:22,222","pid":30046,"hostname":"baixindeMacBook-Pro.local","message":"[egg-schedule]: register schedule /Users/bluewhiteheart/Desktop/studyExample/mihoyo-server/node_modules/egg-multipart/app/schedule/clean_tmpdir.js"}
{"level":"INFO","date":"2021-05-29 23:42:22,222","pid":30046,"hostname":"baixindeMacBook-Pro.local","message":"[egg-schedule]: register schedule /Users/bluewhiteheart/Desktop/studyExample/mihoyo-server/node_modules/egg-logrotator/app/schedule/clean_log.js"}
{"level":"INFO","date":"2021-05-29 23:42:22,222","pid":30046,"hostname":"baixindeMacBook-Pro.local","message":"[egg-schedule]: register schedule /Users/bluewhiteheart/Desktop/studyExample/mihoyo-server/node_modules/egg-logrotator/app/schedule/rotate_by_file.js"}
{"level":"INFO","date":"2021-05-29 23:42:27,428","pid":30063,"hostname":"baixindeMacBook-Pro.local","message":"[egg-schedule]: register schedule /Users/bluewhiteheart/Desktop/studyExample/mihoyo-server/node_modules/egg-multipart/app/schedule/clean_tmpdir.js"}
{"level":"INFO","date":"2021-05-29 23:42:27,428","pid":30063,"hostname":"baixindeMacBook-Pro.local","message":"[egg-schedule]: register schedule /Users/bluewhiteheart/Desktop/studyExample/mihoyo-server/node_modules/egg-logrotator/app/schedule/clean_log.js"}
{"level":"INFO","date":"2021-05-29 23:42:27,428","pid":30063,"hostname":"baixindeMacBook-Pro.local","message":"[egg-schedule]: register schedule /Users/bluewhiteheart/Desktop/studyExample/mihoyo-server/node_modules/egg-logrotator/app/schedule/rotate_by_file.js"}
{"level":"INFO","date":"2021-05-29 23:42:55,469","pid":30127,"hostname":"baixindeMacBook-Pro.local","message":"[egg-schedule]: register schedule /Users/bluewhiteheart/Desktop/studyExample/mihoyo-server/node_modules/egg-multipart/app/schedule/clean_tmpdir.js"}
{"level":"INFO","date":"2021-05-29 23:42:55,469","pid":30127,"hostname":"baixindeMacBook-Pro.local","message":"[egg-schedule]: register schedule /Users/bluewhiteheart/Desktop/studyExample/mihoyo-server/node_modules/egg-logrotator/app/schedule/clean_log.js"}
{"level":"INFO","date":"2021-05-29 23:42:55,469","pid":30127,"hostname":"baixindeMacBook-Pro.local","message":"[egg-schedule]: register schedule /Users/bluewhiteheart/Desktop/studyExample/mihoyo-server/node_modules/egg-logrotator/app/schedule/rotate_by_file.js"}
